<?xml version="1.0" encoding="UTF-8"?>
<testng-results skipped="0" failed="1" total="2" passed="1">
  <reporter-output>
  </reporter-output>
  <suite name="Surefire suite" duration-ms="29777" started-at="2016-06-18T17:53:54Z" finished-at="2016-06-18T17:54:24Z">
    <groups>
    </groups>
    <test name="Surefire test" duration-ms="29777" started-at="2016-06-18T17:53:54Z" finished-at="2016-06-18T17:54:24Z">
      <class name="com.bizweb.demo.selenium.testcases.CreateOrderBW">
        <test-method status="PASS" signature="instantiateDriverObject()[pri:0, instance:com.bizweb.demo.selenium.testcases.CreateOrderBW@7a0ac6e3]" name="instantiateDriverObject" is-config="true" duration-ms="14" started-at="2016-06-19T00:53:54Z" finished-at="2016-06-19T00:53:54Z">
          <reporter-output>
          </reporter-output>
        </test-method> <!-- instantiateDriverObject -->
        <test-method status="PASS" signature="closeDriverObjects()[pri:0, instance:com.bizweb.demo.selenium.testcases.CreateOrderBW@7a0ac6e3]" name="closeDriverObjects" is-config="true" duration-ms="154" started-at="2016-06-19T00:54:24Z" finished-at="2016-06-19T00:54:24Z">
          <reporter-output>
          </reporter-output>
        </test-method> <!-- closeDriverObjects -->
      </class> <!-- com.bizweb.demo.selenium.testcases.CreateOrderBW -->
      <class name="com.bizweb.demo.selenium.testcases.LoginBW">
        <test-method status="PASS" signature="caseDung()[pri:0, instance:com.bizweb.demo.selenium.testcases.LoginBW@71be98f5]" name="caseDung" duration-ms="8393" started-at="2016-06-19T00:53:54Z" finished-at="2016-06-19T00:54:03Z">
          <reporter-output>
          </reporter-output>
        </test-method> <!-- caseDung -->
        <test-method status="PASS" signature="clearCookies()[pri:0, instance:com.bizweb.demo.selenium.testcases.LoginBW@71be98f5]" name="clearCookies" is-config="true" duration-ms="24" started-at="2016-06-19T00:54:03Z" finished-at="2016-06-19T00:54:03Z">
          <reporter-output>
          </reporter-output>
        </test-method> <!-- clearCookies -->
        <test-method status="FAIL" signature="caseDungx()[pri:0, instance:com.bizweb.demo.selenium.testcases.LoginBW@71be98f5]" name="caseDungx" duration-ms="20908" started-at="2016-06-19T00:54:03Z" finished-at="2016-06-19T00:54:24Z">
          <exception class="org.openqa.selenium.NoSuchElementException">
            <message>
              <![CDATA[Timed out after 20 seconds. Unable to locate the element
For documentation on this error, please visit: http://seleniumhq.org/exceptions/no_such_element.html
Build info: version: '2.53.0', revision: '35ae25b1534ae328c771e0856c93e187490ca824', time: '2016-03-15 10:43:46'
System info: host: 'AnDT-PC-9.local', ip: '192.168.0.111', os.name: 'Mac OS X', os.arch: 'x86_64', os.version: '10.11.3', java.version: '1.8.0_77'
Driver info: driver.version: unknown]]>
            </message>
            <full-stacktrace>
              <![CDATA[org.openqa.selenium.NoSuchElementException: Timed out after 20 seconds. Unable to locate the element
For documentation on this error, please visit: http://seleniumhq.org/exceptions/no_such_element.html
Build info: version: '2.53.0', revision: '35ae25b1534ae328c771e0856c93e187490ca824', time: '2016-03-15 10:43:46'
System info: host: 'AnDT-PC-9.local', ip: '192.168.0.111', os.name: 'Mac OS X', os.arch: 'x86_64', os.version: '10.11.3', java.version: '1.8.0_77'
Driver info: driver.version: unknown
	at org.openqa.selenium.support.pagefactory.AjaxElementLocator.findElement(AjaxElementLocator.java:91)
	at org.openqa.selenium.support.pagefactory.internal.LocatingElementHandler.invoke(LocatingElementHandler.java:38)
	at com.sun.proxy.$Proxy6.sendKeys(Unknown Source)
	at com.bizweb.demo.selenium.pageObjects.LoginPage.inputUsername(LoginPage.java:46)
	at com.bizweb.demo.selenium.testcases.LoginBW.inputUsernameAndPasswordAndclickButton(LoginBW.java:22)
	at com.bizweb.demo.selenium.testcases.LoginBW.caseDungx(LoginBW.java:35)
	at sun.reflect.NativeMethodAccessorImpl.invoke0(Native Method)
	at sun.reflect.NativeMethodAccessorImpl.invoke(NativeMethodAccessorImpl.java:62)
	at sun.reflect.DelegatingMethodAccessorImpl.invoke(DelegatingMethodAccessorImpl.java:43)
	at java.lang.reflect.Method.invoke(Method.java:498)
	at org.testng.internal.MethodInvocationHelper.invokeMethod(MethodInvocationHelper.java:86)
	at org.testng.internal.Invoker.invokeMethod(Invoker.java:643)
	at org.testng.internal.Invoker.invokeTestMethod(Invoker.java:820)
	at org.testng.internal.Invoker.invokeTestMethods(Invoker.java:1128)
	at org.testng.internal.TestMethodWorker.invokeTestMethods(TestMethodWorker.java:129)
	at org.testng.internal.TestMethodWorker.run(TestMethodWorker.java:112)
	at java.util.concurrent.ThreadPoolExecutor.runWorker(ThreadPoolExecutor.java:1142)
	at java.util.concurrent.ThreadPoolExecutor$Worker.run(ThreadPoolExecutor.java:617)
	at java.lang.Thread.run(Thread.java:745)
Caused by: org.openqa.selenium.NoSuchElementException: no such element: Unable to locate element: {"method":"xpath","selector":"id('Email')"}
  (Session info: chrome=51.0.2704.103)
  (Driver info: chromedriver=2.22.397929 (fb72fb249a903a0b1041ea71eb4c8b3fa0d9be5a),platform=Mac OS X 10.11.3 x86_64) (WARNING: The server did not provide any stacktrace information)
Command duration or timeout: 10 milliseconds
For documentation on this error, please visit: http://seleniumhq.org/exceptions/no_such_element.html
Build info: version: '2.53.0', revision: '35ae25b1534ae328c771e0856c93e187490ca824', time: '2016-03-15 10:43:46'
System info: host: 'AnDT-PC-9.local', ip: '192.168.0.111', os.name: 'Mac OS X', os.arch: 'x86_64', os.version: '10.11.3', java.version: '1.8.0_77'
Driver info: org.openqa.selenium.chrome.ChromeDriver
Capabilities [{applicationCacheEnabled=false, rotatable=false, mobileEmulationEnabled=false, chrome={chromedriverVersion=2.22.397929 (fb72fb249a903a0b1041ea71eb4c8b3fa0d9be5a), userDataDir=/var/folders/lh/5nv6f5jd1n9_9yr65mf1_ycc0000gn/T/.org.chromium.Chromium.ecItb2}, takesHeapSnapshot=true, databaseEnabled=false, handlesAlerts=true, hasTouchScreen=false, version=51.0.2704.103, platform=MAC, browserConnectionEnabled=false, nativeEvents=true, acceptSslCerts=true, locationContextEnabled=true, webStorageEnabled=true, browserName=chrome, takesScreenshot=true, javascriptEnabled=true, cssSelectorsEnabled=true}]
Session ID: 7a108e3d551d119b23dacae020e37751
*** Element info: {Using=xpath, value=id('Email')}
	at sun.reflect.GeneratedConstructorAccessor8.newInstance(Unknown Source)
	at sun.reflect.DelegatingConstructorAccessorImpl.newInstance(DelegatingConstructorAccessorImpl.java:45)
	at java.lang.reflect.Constructor.newInstance(Constructor.java:423)
	at org.openqa.selenium.remote.ErrorHandler.createThrowable(ErrorHandler.java:206)
	at org.openqa.selenium.remote.ErrorHandler.throwIfResponseFailed(ErrorHandler.java:158)
	at org.openqa.selenium.remote.RemoteWebDriver.execute(RemoteWebDriver.java:678)
	at org.openqa.selenium.remote.RemoteWebDriver.findElement(RemoteWebDriver.java:363)
	at org.openqa.selenium.remote.RemoteWebDriver.findElementByXPath(RemoteWebDriver.java:500)
	at org.openqa.selenium.By$ByXPath.findElement(By.java:361)
	at org.openqa.selenium.remote.RemoteWebDriver.findElement(RemoteWebDriver.java:355)
	at org.openqa.selenium.support.pagefactory.DefaultElementLocator.findElement(DefaultElementLocator.java:69)
	at org.openqa.selenium.support.pagefactory.AjaxElementLocator.access$001(AjaxElementLocator.java:41)
	at org.openqa.selenium.support.pagefactory.AjaxElementLocator$SlowLoadingElement.isLoaded(AjaxElementLocator.java:157)
	at org.openqa.selenium.support.ui.SlowLoadableComponent.get(SlowLoadableComponent.java:70)
	at org.openqa.selenium.support.pagefactory.AjaxElementLocator.findElement(AjaxElementLocator.java:87)
	... 18 more
]]>
            </full-stacktrace>
          </exception> <!-- org.openqa.selenium.NoSuchElementException -->
          <reporter-output>
          </reporter-output>
        </test-method> <!-- caseDungx -->
        <test-method status="PASS" signature="clearCookies()[pri:0, instance:com.bizweb.demo.selenium.testcases.LoginBW@71be98f5]" name="clearCookies" is-config="true" duration-ms="9" started-at="2016-06-19T00:54:24Z" finished-at="2016-06-19T00:54:24Z">
          <reporter-output>
          </reporter-output>
        </test-method> <!-- clearCookies -->
      </class> <!-- com.bizweb.demo.selenium.testcases.LoginBW -->
    </test> <!-- Surefire test -->
  </suite> <!-- Surefire suite -->
</testng-results>
